<?xml version="1.0" encoding="UTF-8"?>
<testng-results ignored="0" total="2" passed="2" failed="0" skipped="0">
  <reporter-output>
  </reporter-output>
  <suite started-at="2022-11-21T16:09:27 IST" name="Default suite" finished-at="2022-11-21T16:09:27 IST" duration-ms="37">
    <groups>
    </groups>
    <test started-at="2022-11-21T16:09:27 IST" name="Default test" finished-at="2022-11-21T16:09:27 IST" duration-ms="37">
      <class name="testNG.TestMap">
        <test-method signature="streamCollect()[pri:0, instance:testNG.TestMap@69e1dd28]" started-at="2022-11-21T16:09:27 IST" name="streamCollect" finished-at="2022-11-21T16:09:27 IST" duration-ms="8" status="PASS">
          <reporter-output>
          </reporter-output>
        </test-method> <!-- streamCollect -->
        <test-method is-config="true" signature="afterMethod()[pri:0, instance:testNG.TestMap@69e1dd28]" started-at="2022-11-21T16:09:27 IST" name="afterMethod" finished-at="2022-11-21T16:09:27 IST" duration-ms="1" status="PASS">
          <reporter-output>
          </reporter-output>
        </test-method> <!-- afterMethod -->
        <test-method signature="streamMap()[pri:0, instance:testNG.TestMap@69e1dd28]" started-at="2022-11-21T16:09:27 IST" name="streamMap" finished-at="2022-11-21T16:09:27 IST" duration-ms="3" status="PASS">
          <reporter-output>
          </reporter-output>
        </test-method> <!-- streamMap -->
        <test-method is-config="true" signature="afterMethod()[pri:0, instance:testNG.TestMap@69e1dd28]" started-at="2022-11-21T16:09:27 IST" name="afterMethod" finished-at="2022-11-21T16:09:27 IST" duration-ms="1" status="PASS">
          <reporter-output>
          </reporter-output>
        </test-method> <!-- afterMethod -->
      </class> <!-- testNG.TestMap -->
    </test> <!-- Default test -->
  </suite> <!-- Default suite -->
</testng-results>
